<?xml version="1.0" encoding="UTF-8"?>
<!-- Generated by org.testng.reporters.JUnitReportReporter -->
<testsuite hostname="DESKTOP-1ITF0V8" name="Test.POMTest" tests="1" failures="0" timestamp="5 Sep 2017 20:08:37 GMT" time="73.236" errors="0">
  <testcase name="TestMethod" time="73.236" classname="Test.POMTest"/>
</testsuite> <!-- Test.POMTest -->
